Realization	utility	week	infra.
0	0	1461	4
0	0	1774	8
0	0	2139	9
1	0	1722	4
1	0	2035	8
2	0	1617	4
2	0	1930	8
3	0	2087	4
4	0	1304	8
4	0	1669	4
4	0	1930	9
4	0	2191	10
7	0	1722	4
7	0	2035	8
8	0	1878	4
9	0	1565	4
9	0	1878	8
9	0	2139	9
10	0	1200	8
10	0	1878	4
10	0	2139	9
11	0	1565	4
11	0	1878	8
11	0	2191	9
12	0	1878	4
12	0	2295	8
13	0	2087	4
14	0	1200	4
14	0	1513	8
14	0	1774	9
14	0	2035	10
15	0	1304	4
15	0	1617	8
15	0	1878	9
15	0	2139	10
16	0	1565	4
16	0	1878	8
17	0	2035	4
18	0	2295	4
20	0	1617	4
20	0	1930	8
21	0	1200	4
21	0	1513	8
21	0	1774	9
21	0	2035	10
29	0	1095	8
29	0	1461	4
29	0	1722	9
29	0	1982	10
30	0	1513	4
30	0	1826	8
30	0	2087	9
34	0	1252	8
35	0	1356	4
35	0	1669	8
35	0	1930	9
35	0	2191	10
36	0	1252	8
36	0	1669	4
36	0	1930	9
36	0	2191	10
38	0	1513	4
38	0	1826	8
41	0	1513	4
41	0	1826	8
42	0	2191	4
43	0	1408	4
43	0	1722	8
43	0	2087	9
45	0	1565	4
45	0	1878	8
46	0	1722	4
46	0	2035	8
47	0	1565	4
47	0	1878	8
47	0	2139	9
48	0	1095	8
48	0	1982	4
48	0	2295	9
50	0	1774	4
50	0	2087	8
51	0	1669	4
51	0	1982	8
51	0	2243	9
52	0	1356	4
52	0	1669	8
52	0	1930	9
52	0	2191	10
56	0	1565	4
56	0	1878	8
56	0	2139	9
58	0	1774	4
58	0	2243	8
59	0	2087	4
60	0	1617	4
61	0	1930	4
61	0	2243	8
63	0	1930	4
63	0	2243	8
65	0	1043	8
65	0	1826	4
65	0	2139	9
66	0	1095	8
66	0	1826	4
66	0	2087	9
67	0	1095	8
67	0	2243	4
70	0	1722	4
70	0	2035	8
71	0	1095	8
71	0	1669	4
71	0	1930	9
71	0	2191	10
72	0	1565	4
72	0	1930	8
72	0	2295	9
74	0	1513	4
74	0	1826	8
74	0	2087	9
76	0	1565	4
76	0	1878	8
77	0	1148	8
77	0	1669	4
77	0	1930	9
77	0	2191	10
82	0	1930	4
82	0	2243	8
84	0	2139	4
87	0	1722	4
87	0	2035	8
87	0	2295	9
88	0	1617	4
88	0	1930	8
89	0	1252	8
91	0	1356	4
91	0	1669	8
91	0	1930	9
91	0	2191	10
92	0	1878	4
92	0	2243	8
93	0	626	8
93	0	887	9
93	0	1148	10
93	0	1565	4
94	0	1617	4
94	0	2139	8
95	0	1043	4
95	0	1356	8
95	0	1617	9
95	0	1878	10
99	0	2035	4
100	0	2035	4
104	0	1930	4
104	0	2243	8
105	0	1878	4
105	0	2191	8
108	0	1043	8
108	0	1356	9
108	0	1669	4
108	0	1930	10
109	0	1461	4
109	0	1774	8
109	0	2243	9
110	0	1617	4
110	0	1930	8
113	0	939	8
113	0	1356	4
113	0	1617	9
113	0	1878	10
115	0	2191	4
118	0	2139	4
119	0	834	8
119	0	1304	4
119	0	1565	9
119	0	1826	10
120	0	1461	4
120	0	1774	8
121	0	1617	4
121	0	1930	8
121	0	2191	9
122	0	1148	8
122	0	1878	4
122	0	2139	9
125	0	782	8
125	0	1356	9
125	0	1669	4
125	0	1930	10
126	0	1461	8
131	0	1774	4
131	0	2087	8
136	0	1878	4
137	0	1252	8
137	0	1565	4
137	0	1826	9
137	0	2087	10
140	0	1513	4
140	0	1826	8
141	0	1200	4
141	0	1513	8
142	0	1356	4
142	0	1669	8
142	0	1930	9
142	0	2191	10
143	0	1513	4
143	0	1826	8
144	0	1669	4
144	0	1982	8
148	0	2191	4
149	0	1408	8
149	0	2035	4
152	0	1356	4
152	0	1669	8
152	0	1930	9
152	0	2191	10
153	0	1669	4
153	0	1982	8
153	0	2243	9
158	0	1565	4
158	0	1878	8
160	0	2191	4
162	0	2191	4
165	0	1148	8
165	0	1669	4
165	0	1930	9
165	0	2243	10
166	0	1200	8
166	0	1461	9
166	0	1617	4
166	0	1878	10
167	0	1878	4
167	0	2191	8
169	0	1043	8
169	0	1356	4
169	0	1617	9
169	0	1878	10
175	0	1043	8
175	0	1878	4
175	0	2139	9
176	0	1408	4
176	0	1722	8
176	0	1982	9
176	0	2243	10
178	0	1461	4
178	0	1774	8
178	0	2035	9
179	0	782	8
179	0	1356	4
179	0	1617	9
179	0	1878	10
182	0	1826	4
182	0	2139	8
183	0	1878	4
183	0	2191	8
185	0	1669	4
185	0	2035	8
187	0	1252	4
187	0	1565	8
187	0	1826	9
187	0	2087	10
188	0	1617	4
188	0	1982	8
190	0	1356	4
190	0	1669	8
192	0	1617	4
192	0	1930	8
194	0	1669	4
194	0	1982	8
195	0	1200	8
195	0	1878	4
195	0	2191	9
201	0	1252	8
201	0	1617	4
201	0	1878	9
201	0	2139	10
202	0	1617	4
202	0	2243	8
204	0	1043	4
204	0	1356	8
204	0	1617	9
204	0	1878	10
205	0	887	8
205	0	1513	4
205	0	1774	9
205	0	2035	10
207	0	1095	8
207	0	1408	4
207	0	1669	9
207	0	1930	10
210	0	1356	4
210	0	1669	8
210	0	1930	9
210	0	2191	10
211	0	1565	4
211	0	1878	8
211	0	2191	9
213	0	939	8
213	0	1513	4
213	0	1774	9
213	0	2035	10
216	0	1669	4
216	0	1982	8
216	0	2243	9
219	0	1408	8
219	0	1565	4
219	0	1826	9
219	0	2087	10
220	0	1774	4
220	0	2087	8
222	0	1304	8
222	0	1617	4
222	0	1878	9
222	0	2139	10
225	0	2295	4
226	0	1095	8
226	0	1356	9
226	0	1617	4
226	0	1878	10
227	0	2035	4
228	0	1461	8
228	0	2087	4
229	0	1252	4
229	0	1565	8
229	0	1826	9
229	0	2087	10
230	0	1043	8
230	0	1408	4
230	0	1669	9
230	0	1930	10
231	0	1826	4
231	0	2139	8
232	0	1513	4
232	0	1826	8
233	0	1095	8
233	0	1669	4
233	0	1930	9
233	0	2191	10
234	0	730	8
234	0	1043	4
234	0	1304	9
234	0	1565	10
238	0	1982	4
238	0	2295	8
240	0	1617	4
240	0	1930	8
240	0	2191	9
241	0	1513	4
241	0	1826	8
242	0	991	8
242	0	1461	4
242	0	1722	9
242	0	1982	10
243	0	1304	4
243	0	1617	8
245	0	2191	4
246	0	1461	4
246	0	1774	8
247	0	1722	4
247	0	2087	8
252	0	2139	4
255	0	1617	4
255	0	1930	8
256	0	1565	4
256	0	1878	8
257	0	1043	8
257	0	1461	4
257	0	1722	9
257	0	1982	10
261	0	1617	4
261	0	1982	8
262	0	1356	8
264	0	1513	4
264	0	1826	8
265	0	1200	4
265	0	1513	8
265	0	1774	9
265	0	2139	10
266	0	939	8
266	0	1513	4
266	0	1774	9
266	0	2035	10
268	0	1200	4
268	0	1513	8
268	0	1930	9
268	0	2295	10
272	0	1774	4
272	0	2139	8
275	0	1461	4
275	0	1774	8
279	0	1826	4
279	0	2139	8
281	0	1565	4
281	0	1878	8
281	0	2139	9
282	0	1095	8
282	0	2035	4
283	0	1200	8
283	0	1930	4
283	0	2191	9
285	0	1200	4
285	0	1513	8
285	0	1774	9
285	0	2035	10
287	0	1252	4
287	0	1565	8
287	0	1826	9
287	0	2087	10
288	0	1982	4
288	0	2295	8
290	0	1669	4
290	0	1982	8
291	0	887	8
291	0	1148	9
291	0	1408	10
291	0	1722	4
294	0	2087	4
295	0	1252	8
295	0	1722	4
295	0	2139	9
298	0	1617	4
298	0	1930	8
299	0	2087	4
301	0	1408	8
303	0	1982	4
304	0	1617	4
304	0	1930	8
304	0	2191	9
312	0	2295	4
316	0	1669	4
316	0	1982	8
318	0	1774	4
318	0	2087	8
319	0	1095	8
319	0	1408	4
319	0	1669	9
319	0	1930	10
321	0	1826	4
321	0	2139	8
323	0	1722	4
323	0	2035	8
326	0	1252	4
326	0	1565	8
326	0	1826	9
326	0	2087	10
327	0	1774	4
327	0	2087	8
329	0	1878	4
329	0	2191	8
333	0	1095	8
333	0	1617	4
333	0	1878	9
333	0	2139	10
334	0	1148	4
334	0	1461	8
335	0	1617	4
335	0	1930	8
336	0	1878	4
336	0	2191	8
338	0	1617	4
338	0	1930	8
339	0	1513	4
339	0	1826	8
339	0	2087	9
340	0	2243	4
344	0	1408	4
344	0	1722	8
344	0	1982	9
344	0	2243	10
345	0	1252	4
345	0	1565	8
348	0	939	8
348	0	1513	4
348	0	1774	9
348	0	2035	10
351	0	1043	8
351	0	1461	4
351	0	1722	9
351	0	1982	10
354	0	1408	4
354	0	1722	8
354	0	2295	9
355	0	1930	4
355	0	2243	8
357	0	1513	4
357	0	1826	8
358	0	1461	4
358	0	1774	8
360	0	1408	4
360	0	1722	8
360	0	1982	9
360	0	2243	10
361	0	939	8
361	0	1513	4
361	0	1774	9
361	0	2035	10
362	0	1826	4
363	0	1252	8
363	0	1878	4
363	0	2139	9
364	0	1408	4
364	0	1722	8
364	0	1982	9
364	0	2243	10
365	0	1722	4
365	0	2035	8
366	0	1043	8
366	0	1461	4
366	0	1982	9
366	0	2243	10
367	0	1930	4
368	0	834	8
368	0	1669	4
368	0	1930	9
368	0	2191	10
369	0	2035	4
370	0	2139	4
371	0	2191	4
372	0	1252	8
372	0	1774	4
372	0	2087	9
374	0	1774	4
374	0	2087	8
375	0	834	8
375	0	1461	4
375	0	1722	9
375	0	1982	10
380	0	1408	4
380	0	1722	8
383	0	2243	4
385	0	2139	4
389	0	1304	4
389	0	1617	8
393	0	1565	4
393	0	1878	8
393	0	2139	9
394	0	834	8
394	0	1095	9
394	0	1408	4
394	0	1669	10
395	0	1565	8
396	0	1513	8
397	0	2087	4
398	0	1617	4
398	0	1930	8
399	0	2087	4
403	0	1043	8
403	0	1356	9
403	0	1669	4
403	0	1930	10
407	0	1930	4
407	0	2295	8
408	0	1930	4
408	0	2243	8
409	0	834	8
409	0	1252	4
409	0	1513	9
409	0	1774	10
410	0	1826	4
410	0	2139	8
412	0	1356	8
412	0	2295	4
413	0	1513	4
413	0	1826	8
414	0	2087	4
415	0	1095	4
415	0	1408	8
416	0	1408	4
416	0	1722	8
416	0	1982	9
416	0	2243	10
417	0	834	8
417	0	1408	4
417	0	1669	9
417	0	1930	10
418	0	1252	4
418	0	1565	8
418	0	1826	9
418	0	2087	10
419	0	1826	4
419	0	2139	8
421	0	1513	4
421	0	1826	8
421	0	2139	9
422	0	1043	8
422	0	1513	4
422	0	1774	9
422	0	2035	10
423	0	1148	8
425	0	1826	4
425	0	2139	8
428	0	887	8
428	0	1408	4
428	0	1669	9
428	0	1930	10
430	0	1565	4
430	0	1878	8
430	0	2139	9
431	0	1095	8
431	0	1669	4
431	0	1930	9
431	0	2191	10
432	0	2087	4
433	0	1669	4
433	0	1982	8
434	0	1930	4
434	0	2295	8
435	0	887	8
435	0	1304	4
435	0	1565	9
435	0	1826	10
441	0	1513	4
441	0	1826	8
443	0	1878	4
443	0	2191	8
445	0	2035	4
446	0	1304	4
446	0	1617	8
446	0	2035	9
448	0	1408	8
448	0	2087	4
450	0	991	8
450	0	1513	4
450	0	1774	9
450	0	2035	10
451	0	1565	4
451	0	1878	8
451	0	2139	9
452	0	1043	8
453	0	939	8
453	0	1356	4
453	0	1617	9
453	0	1878	10
454	0	1617	4
454	0	1930	8
454	0	2243	9
455	0	1356	8
455	0	1669	4
455	0	1930	9
455	0	2191	10
456	0	1408	4
456	0	1722	8
457	0	1095	4
457	0	1408	8
457	0	1669	9
457	0	1930	10
459	0	1513	4
459	0	1826	8
459	0	2087	9
461	0	991	8
461	0	1617	4
461	0	1878	9
461	0	2139	10
465	0	939	8
465	0	1356	4
465	0	1617	9
465	0	1878	10
466	0	1408	4
466	0	1722	8
467	0	469	9
467	0	782	8
467	0	1095	4
467	0	1356	10
468	0	1043	8
468	0	1722	4
468	0	1982	9
468	0	2243	10
470	0	1356	4
470	0	1669	8
470	0	1930	9
470	0	2191	10
472	0	1304	4
472	0	1617	8
472	0	1878	9
472	0	2139	10
473	0	1461	4
473	0	1774	8
474	0	1930	4
474	0	2243	8
475	0	1513	4
475	0	1826	8
476	0	1148	4
476	0	1461	8
483	0	1878	4
483	0	2191	8
484	0	887	8
484	0	1461	4
484	0	1722	9
484	0	1982	10
485	0	1930	4
485	0	2243	8
486	0	1304	8
486	0	1513	4
486	0	1826	9
486	0	2087	10
487	0	1617	4
487	0	1930	8
487	0	2191	9
489	0	1669	4
489	0	1982	8
490	0	1722	4
490	0	2035	8
490	0	2295	9
494	0	1930	4
500	0	1774	4
500	0	2087	8
504	0	1826	4
504	0	2139	8
508	0	939	8
508	0	1565	4
508	0	1826	9
508	0	2087	10
510	0	1095	8
510	0	1826	4
510	0	2087	9
513	0	1565	4
513	0	1878	8
513	0	2139	9
514	0	2035	4
515	0	2139	4
519	0	1826	4
519	0	2139	8
520	0	1200	8
520	0	1408	4
520	0	1669	9
520	0	1930	10
524	0	1513	4
524	0	1826	8
525	0	2139	4
528	0	1513	4
528	0	1826	8
528	0	2243	9
529	0	1408	8
529	0	1774	4
529	0	2035	9
529	0	2295	10
530	0	1252	4
530	0	1565	8
532	0	1930	4
532	0	2295	8
533	0	1304	4
533	0	1617	8
533	0	1982	9
533	0	2243	10
535	0	1304	8
535	0	1669	4
535	0	1930	9
535	0	2191	10
536	0	1774	4
536	0	2087	8
540	0	1095	4
540	0	1408	8
540	0	2139	9
543	0	1356	4
543	0	1669	8
544	0	1461	4
544	0	1774	8
545	0	1200	4
545	0	1513	8
545	0	2087	9
547	0	1565	4
547	0	1878	8
547	0	2139	9
553	0	1565	4
553	0	1878	8
555	0	1408	4
555	0	1722	8
555	0	1982	9
555	0	2243	10
556	0	1565	4
556	0	1878	8
557	0	2243	4
562	0	1930	4
562	0	2295	8
563	0	1252	8
563	0	1461	4
563	0	1722	9
563	0	1982	10
564	0	991	8
564	0	1565	4
564	0	1826	9
564	0	2087	10
567	0	1826	4
567	0	2191	8
570	0	1930	4
570	0	2243	8
572	0	1148	8
572	0	1878	4
572	0	2139	9
573	0	1408	4
573	0	1722	8
573	0	2139	9
574	0	1043	8
574	0	1304	9
574	0	1617	4
574	0	1878	10
578	0	1148	8
578	0	1982	4
578	0	2243	9
579	0	2139	4
580	0	1252	8
580	0	1669	4
580	0	1930	9
580	0	2191	10
582	0	2191	4
584	0	1252	8
584	0	1669	4
584	0	2243	9
585	0	1043	8
585	0	1356	9
585	0	1669	4
585	0	1930	10
587	0	1304	8
587	0	1826	4
587	0	2139	9
588	0	2243	4
589	0	1200	8
589	0	1565	4
589	0	1826	9
589	0	2087	10
592	0	991	8
592	0	1408	4
592	0	1669	9
592	0	1930	10
594	0	1408	4
594	0	1722	8
595	0	1356	4
595	0	1669	8
596	0	1043	8
596	0	1408	9
596	0	1617	4
596	0	1878	10
602	0	1356	4
602	0	1669	8
604	0	1930	4
604	0	2243	8
606	0	1669	4
606	0	1982	8
607	0	2191	4
608	0	1826	4
608	0	2139	8
609	0	1669	4
609	0	1982	8
609	0	2243	9
611	0	2035	4
612	0	1930	4
612	0	2295	8
613	0	939	8
613	0	1513	4
613	0	1774	9
613	0	2035	10
614	0	2191	4
616	0	2191	4
618	0	1617	4
618	0	1930	8
619	0	1826	4
619	0	2139	8
623	0	1461	4
623	0	1774	8
623	0	2035	9
623	0	2295	10
626	0	1513	4
626	0	1826	8
628	0	1304	4
628	0	1617	8
628	0	1930	9
628	0	2191	10
630	0	1565	4
630	0	1878	8
631	0	1722	4
631	0	2035	8
633	0	1356	8
633	0	2087	4
634	0	939	8
634	0	1408	4
634	0	1669	9
634	0	1930	10
636	0	1722	4
636	0	2035	8
637	0	2035	4
638	0	1982	4
640	0	1461	4
640	0	1774	8
640	0	2035	9
640	0	2295	10
642	0	1095	8
642	0	1565	4
642	0	1826	9
642	0	2087	10
643	0	1148	4
643	0	1461	8
643	0	1722	9
643	0	1982	10
644	0	2035	4
646	0	2295	4
647	0	1200	4
647	0	1513	8
647	0	1774	9
647	0	2035	10
650	0	1565	4
650	0	1878	8
650	0	2139	9
651	0	2087	4
652	0	1982	4
652	0	2295	8
654	0	1722	4
654	0	2035	8
657	0	1930	4
657	0	2243	8
660	0	2087	4
661	0	2295	4
663	0	2191	4
664	0	2139	4
668	0	2139	4
669	0	1148	8
669	0	1930	4
669	0	2191	9
672	0	1095	8
672	0	1617	4
672	0	1878	9
672	0	2139	10
674	0	1774	4
674	0	2087	8
679	0	834	8
679	0	1200	4
679	0	1461	9
679	0	1722	10
681	0	1408	4
681	0	1722	8
684	0	1669	4
684	0	1982	8
686	0	1461	8
686	0	1878	4
686	0	2295	9
687	0	1200	4
687	0	1513	8
691	0	2087	4
692	0	1826	4
692	0	2139	8
694	0	1252	8
694	0	1513	9
694	0	1669	4
694	0	1930	10
695	0	1930	4
695	0	2243	8
699	0	887	8
699	0	1304	9
699	0	1617	4
699	0	1878	10
700	0	1930	4
700	0	2243	8
701	0	1356	4
701	0	1669	8
701	0	1930	9
701	0	2191	10
702	0	1356	4
702	0	1669	8
702	0	1930	9
702	0	2191	10
704	0	1565	4
704	0	1878	8
705	0	1148	8
705	0	1878	4
705	0	2295	9
707	0	1617	4
707	0	1930	8
708	0	2139	4
711	0	1774	4
711	0	2087	8
712	0	1252	8
713	0	2295	4
715	0	1252	4
715	0	1565	8
715	0	2087	9
716	0	1513	4
716	0	1826	8
717	0	1095	4
717	0	1408	8
717	0	1669	9
717	0	1930	10
719	0	1513	4
719	0	1826	8
720	0	1565	4
720	0	1878	8
722	0	1252	4
722	0	1565	8
722	0	1826	9
722	0	2087	10
725	0	1617	4
725	0	1930	8
726	0	1774	4
726	0	2191	8
728	0	678	8
728	0	1148	9
728	0	1461	4
728	0	1722	10
729	0	2035	4
731	0	1669	4
731	0	1982	8
732	0	1304	4
732	0	1617	8
732	0	1930	9
732	0	2295	10
734	0	1565	4
734	0	1878	8
735	0	1356	4
735	0	1669	8
736	0	1878	4
736	0	2191	8
737	0	1408	4
737	0	1722	8
739	0	1982	4
739	0	2295	8
740	0	1356	8
740	0	2035	4
742	0	991	8
742	0	1669	4
742	0	1930	9
742	0	2191	10
743	0	1930	4
743	0	2243	8
746	0	1252	4
746	0	1565	8
746	0	1826	9
746	0	2087	10
751	0	1722	4
751	0	2035	8
751	0	2295	9
752	0	1617	4
752	0	1930	8
756	0	2087	4
757	0	2087	4
758	0	834	8
758	0	1304	4
758	0	1565	9
758	0	1826	10
759	0	1461	4
759	0	1774	8
759	0	2191	9
760	0	1461	4
760	0	1878	8
761	0	1669	4
761	0	1982	8
761	0	2243	9
763	0	1200	8
763	0	1565	4
763	0	1826	9
763	0	2087	10
765	0	991	8
765	0	1252	9
765	0	1513	10
765	0	1722	4
766	0	1356	8
766	0	1669	4
766	0	1930	9
766	0	2191	10
767	0	2191	4
768	0	1252	4
768	0	1565	8
769	0	1669	4
769	0	1982	8
770	0	678	8
770	0	939	9
770	0	1200	10
770	0	1513	4
772	0	1408	4
772	0	1722	8
772	0	1982	9
772	0	2243	10
773	0	2087	4
775	0	991	8
775	0	1669	4
775	0	1930	9
775	0	2191	10
778	0	1878	4
778	0	2191	8
780	0	2087	4
783	0	1878	4
783	0	2295	8
784	0	939	4
784	0	1252	8
784	0	1513	9
784	0	1774	10
786	0	1304	4
786	0	1617	8
787	0	1565	4
787	0	1878	8
788	0	1304	8
788	0	1617	4
788	0	1878	9
788	0	2139	10
789	0	939	8
789	0	1461	4
789	0	1722	9
789	0	1982	10
791	0	1200	8
793	0	1356	4
793	0	1669	8
794	0	1982	4
794	0	2295	8
795	0	2035	4
796	0	1774	4
796	0	2087	8
798	0	1252	4
798	0	1565	8
798	0	1826	9
798	0	2087	10
799	0	1617	4
799	0	1930	8
800	0	1669	4
800	0	1982	8
802	0	1565	4
802	0	1878	8
802	0	2139	9
803	0	1878	4
803	0	2191	8
804	0	1669	4
804	0	1982	8
807	0	1356	8
809	0	1617	4
809	0	1930	8
812	0	2035	4
816	0	1356	8
816	0	2191	4
817	0	1461	4
817	0	1774	8
817	0	2087	9
819	0	2295	4
822	0	1148	8
822	0	1669	4
822	0	1930	9
822	0	2191	10
824	0	1930	4
824	0	2243	8
825	0	1878	4
825	0	2191	8
828	0	1513	4
828	0	1826	8
828	0	2087	9
829	0	2295	4
830	0	2087	4
831	0	1304	8
831	0	1722	4
831	0	1982	9
831	0	2243	10
832	0	1617	4
832	0	1930	8
833	0	1461	4
833	0	1774	8
835	0	1356	8
835	0	1826	4
835	0	2087	9
837	0	1930	4
837	0	2243	8
842	0	1982	4
844	0	1304	4
844	0	1617	8
844	0	2243	9
845	0	1200	8
845	0	1461	4
845	0	1722	9
845	0	1982	10
846	0	1513	4
846	0	1826	8
847	0	1617	4
847	0	1930	8
848	0	1565	4
848	0	1878	8
850	0	1461	4
850	0	1774	8
850	0	2035	9
850	0	2295	10
852	0	1408	4
852	0	1722	8
853	0	1722	4
853	0	2035	8
853	0	2295	9
854	0	2035	4
855	0	991	8
855	0	1461	4
855	0	1722	9
855	0	1982	10
859	0	2035	4
860	0	1043	4
860	0	1356	8
860	0	1722	9
860	0	1982	10
861	0	1043	8
861	0	1982	4
861	0	2295	9
862	0	2035	4
864	0	1513	4
864	0	1826	8
864	0	2087	9
865	0	2035	4
866	0	1304	4
866	0	1617	8
866	0	1930	9
866	0	2191	10
867	0	1513	4
867	0	1826	8
867	0	2087	9
868	0	2035	4
870	0	1148	8
871	0	1878	4
871	0	2191	8
872	0	1930	4
872	0	2243	8
874	0	1356	4
874	0	1669	8
874	0	2035	9
878	0	1826	4
878	0	2295	8
879	0	1095	8
879	0	1408	9
879	0	1722	4
879	0	1982	10
880	0	1408	4
880	0	1722	8
880	0	1982	9
880	0	2243	10
882	0	574	9
882	0	887	8
882	0	1408	4
882	0	1669	10
887	0	1617	4
887	0	1930	8
888	0	1200	8
888	0	1878	4
888	0	2139	9
889	0	834	8
889	0	1252	9
889	0	1565	4
889	0	1826	10
891	0	1565	4
891	0	1878	8
891	0	2139	9
892	0	1252	8
892	0	2191	4
893	0	2191	4
894	0	1565	4
894	0	1878	8
895	0	2243	4
896	0	2139	4
897	0	991	8
897	0	1461	4
897	0	1722	9
897	0	1982	10
898	0	991	8
898	0	1408	4
898	0	1669	9
898	0	1930	10
900	0	2191	4
901	0	1408	4
901	0	1722	8
901	0	1982	9
901	0	2243	10
903	0	2087	4
907	0	1669	4
907	0	1982	8
909	0	1982	4
910	0	1408	4
910	0	1722	8
910	0	1982	9
910	0	2243	10
912	0	1669	4
912	0	1982	8
912	0	2243	9
913	0	1617	4
913	0	1930	8
919	0	678	8
919	0	939	9
919	0	1200	10
919	0	1513	4
920	0	1200	8
920	0	2139	4
923	0	1982	4
926	0	1043	8
926	0	1565	4
926	0	1826	9
926	0	2087	10
928	0	1982	4
928	0	2295	8
929	0	1408	8
932	0	1565	4
932	0	1930	8
933	0	1774	4
933	0	2087	8
935	0	1095	4
935	0	1408	8
935	0	1930	9
935	0	2243	10
937	0	1722	4
937	0	2035	8
940	0	2191	4
942	0	1200	8
942	0	2087	4
943	0	2087	4
946	0	1513	4
946	0	1826	8
948	0	1565	4
948	0	1878	8
949	0	2087	4
950	0	939	8
950	0	1200	9
950	0	1513	4
950	0	1774	10
951	0	1043	8
951	0	1356	4
951	0	1617	9
951	0	1878	10
952	0	1617	4
952	0	1930	8
953	0	2035	4
954	0	2191	4
955	0	2243	4
956	0	1513	4
956	0	1826	8
956	0	2087	9
958	0	1722	4
958	0	2139	8
959	0	1878	4
959	0	2191	8
962	0	1252	8
963	0	1826	4
963	0	2139	8
966	0	2191	4
967	0	1669	4
967	0	2035	8
968	0	1148	8
968	0	1408	4
968	0	1669	9
968	0	1930	10
970	0	991	8
970	0	1304	4
970	0	1565	9
970	0	1826	10
971	0	2191	4
974	0	1252	4
974	0	1565	8
975	0	1095	8
979	0	1774	4
979	0	2087	8
980	0	1356	8
980	0	2243	4
981	0	1513	4
981	0	1826	8
981	0	2087	9
982	0	1826	4
982	0	2139	8
983	0	2035	4
985	0	1356	4
985	0	1669	8
986	0	1408	4
986	0	1722	8
986	0	1982	9
986	0	2243	10
987	0	834	8
987	0	1252	9
987	0	1565	4
987	0	1826	10
988	0	1252	8
988	0	1669	4
988	0	1930	9
988	0	2191	10
990	0	1722	4
990	0	2035	8
991	0	1617	4
991	0	1930	8
991	0	2191	9
993	0	887	8
993	0	1304	4
993	0	1565	9
993	0	1826	10
995	0	1565	4
995	0	1878	8
995	0	2139	9
998	0	1722	4
998	0	2035	8
3	1	2295	5
15	1	1826	5
29	1	2191	5
35	1	1982	5
41	1	2191	5
51	1	2087	5
56	1	2087	5
74	1	2139	5
93	1	2191	5
95	1	2191	5
113	1	1930	5
121	1	2295	5
125	1	2139	5
137	1	1774	5
141	1	2191	5
142	1	1982	5
152	1	2191	5
166	1	1774	5
169	1	2035	5
182	1	1982	5
187	1	2035	5
204	1	2191	5
210	1	2191	5
211	1	2139	5
219	1	1982	5
226	1	1878	5
233	1	2295	5
234	1	2139	5
238	1	2087	5
240	1	2191	5
257	1	2191	5
265	1	2139	5
266	1	1982	5
268	1	2139	5
283	1	1982	5
287	1	2035	5
291	1	2191	5
295	1	2087	5
304	1	2087	5
319	1	1930	5
321	1	2243	5
326	1	2191	5
333	1	2191	5
351	1	1930	5
363	1	2139	5
366	1	2139	5
372	1	2139	5
393	1	2139	5
394	1	2087	5
416	1	2243	5
417	1	1982	5
418	1	1826	5
421	1	2243	5
428	1	2035	5
457	1	1982	5
465	1	2191	5
467	1	2035	5
472	1	1826	5
486	1	2035	5
508	1	2243	5
513	1	2243	5
528	1	2087	5
533	1	2295	5
535	1	1878	5
555	1	2295	5
572	1	2087	5
574	1	1826	5
585	1	2035	5
589	1	2139	5
592	1	2035	5
594	1	2139	5
613	1	2191	5
643	1	2087	5
647	1	2139	5
672	1	2139	5
679	1	2295	5
686	1	2035	5
695	1	2035	5
702	1	1930	5
717	1	1982	5
736	1	2243	5
742	1	2139	5
760	1	2295	5
763	1	2191	5
766	1	2191	5
784	1	1982	5
787	1	2139	5
789	1	2139	5
793	1	2295	5
828	1	2243	5
831	1	2295	5
833	1	2243	5
835	1	2139	5
845	1	2191	5
853	1	2139	5
855	1	2087	5
859	1	2191	5
860	1	2191	5
879	1	2139	5
912	1	2295	5
919	1	2035	5
933	1	2191	5
950	1	2139	5
952	1	2191	5
956	1	2087	5
968	1	2191	5
986	1	2191	5
0	2	1461	4
1	2	1722	4
2	2	1617	4
3	2	2087	4
4	2	1669	4
7	2	1722	4
8	2	1878	4
9	2	1565	4
10	2	1878	4
11	2	1565	4
12	2	1878	4
13	2	2087	4
14	2	1200	4
15	2	1304	4
16	2	1565	4
17	2	2035	4
18	2	2295	4
20	2	1617	4
21	2	1200	4
29	2	1461	4
30	2	1513	4
35	2	1356	4
36	2	1669	4
38	2	1513	4
41	2	1513	4
42	2	2191	4
43	2	1408	4
45	2	1565	4
46	2	1722	4
47	2	1565	4
48	2	1982	4
50	2	1774	4
51	2	1669	4
52	2	1356	4
56	2	1565	4
58	2	1774	4
59	2	2087	4
60	2	1617	4
61	2	1930	4
63	2	1930	4
65	2	1826	4
66	2	1826	4
67	2	2243	4
70	2	1722	4
71	2	1669	4
72	2	1565	4
74	2	1513	4
76	2	1565	4
77	2	1669	4
82	2	1930	4
84	2	2139	4
87	2	1722	4
88	2	1617	4
91	2	1356	4
92	2	1878	4
93	2	1356	12
93	2	1565	4
94	2	1617	4
95	2	1043	4
99	2	2035	4
100	2	2035	4
104	2	1930	4
105	2	1878	4
108	2	1669	4
109	2	1461	4
110	2	1617	4
113	2	1356	4
115	2	2191	4
118	2	2139	4
119	2	1304	4
119	2	2295	12
120	2	1461	4
121	2	1617	4
122	2	1878	4
125	2	1669	4
131	2	1774	4
136	2	1878	4
137	2	1356	12
137	2	1565	4
140	2	1513	4
141	2	1200	4
141	2	2087	12
142	2	1356	4
143	2	1513	4
144	2	1669	4
148	2	2191	4
149	2	2035	4
152	2	1356	4
153	2	1669	4
158	2	1565	4
160	2	2191	4
162	2	2191	4
165	2	1669	4
166	2	1200	12
166	2	1617	4
167	2	1878	4
169	2	1356	4
175	2	1878	4
176	2	1408	4
178	2	1461	4
179	2	1356	4
182	2	1826	4
183	2	1878	4
185	2	1669	4
187	2	1252	4
188	2	1617	4
190	2	1356	4
192	2	1617	4
194	2	1669	4
195	2	1878	4
201	2	1617	4
201	2	2087	12
202	2	1617	4
204	2	1043	4
205	2	1513	4
207	2	1408	4
210	2	1356	4
211	2	1565	4
213	2	1513	4
216	2	1669	4
219	2	1565	4
219	2	2295	12
220	2	1774	4
222	2	1617	4
225	2	2295	4
226	2	1617	4
227	2	2035	4
228	2	2087	4
229	2	1252	4
230	2	1408	4
231	2	1826	4
232	2	1513	4
233	2	1669	4
234	2	1043	4
238	2	1982	4
240	2	1617	4
241	2	1513	4
242	2	1461	4
243	2	1304	4
245	2	2191	4
246	2	1461	4
247	2	1722	4
252	2	2139	4
255	2	1617	4
256	2	1565	4
257	2	1461	4
261	2	1617	4
264	2	1513	4
265	2	1200	4
266	2	1513	4
268	2	1200	4
272	2	1774	4
275	2	1461	4
279	2	1826	4
281	2	1565	4
282	2	2035	4
283	2	1930	4
285	2	1200	4
287	2	1252	4
288	2	1982	4
290	2	1669	4
291	2	1722	4
294	2	2087	4
295	2	1722	4
298	2	1617	4
299	2	2087	4
303	2	1982	4
304	2	1617	4
312	2	2295	4
316	2	1669	4
318	2	1774	4
319	2	1408	4
321	2	1826	4
323	2	1722	4
326	2	1252	4
327	2	1774	4
329	2	1878	4
333	2	1617	4
334	2	1148	4
335	2	1617	4
336	2	1878	4
338	2	1617	4
339	2	1513	4
340	2	2243	4
344	2	1408	4
345	2	1252	4
348	2	1513	4
351	2	1356	12
351	2	1461	4
354	2	1408	4
355	2	1930	4
357	2	1513	4
358	2	1461	4
360	2	1408	4
361	2	1513	4
362	2	1826	4
363	2	1878	4
364	2	1408	4
365	2	1722	4
366	2	1461	4
367	2	1930	4
368	2	1669	4
369	2	2035	4
370	2	2139	4
371	2	2191	4
372	2	1774	4
374	2	1774	4
375	2	1461	4
380	2	1408	4
383	2	2243	4
385	2	2139	4
389	2	1304	4
393	2	1565	4
394	2	1408	4
397	2	2087	4
398	2	1617	4
399	2	2087	4
403	2	1669	4
407	2	1930	4
408	2	1930	4
409	2	1252	4
410	2	1826	4
412	2	2295	4
413	2	1513	4
414	2	2087	4
415	2	1095	4
416	2	1408	4
417	2	1408	4
417	2	2295	12
418	2	1252	4
419	2	1826	4
421	2	1513	4
422	2	1513	4
425	2	1826	4
428	2	1408	4
430	2	1565	4
431	2	1669	4
432	2	2087	4
433	2	1669	4
434	2	1930	4
435	2	991	12
435	2	1304	4
441	2	1513	4
443	2	1878	4
445	2	2035	4
446	2	1304	4
448	2	2087	4
450	2	1356	12
450	2	1513	4
451	2	1565	4
453	2	1356	4
454	2	1617	4
455	2	1669	4
456	2	1408	4
457	2	1095	4
459	2	1513	4
461	2	1617	4
465	2	1356	4
466	2	1408	4
467	2	1095	4
468	2	1722	4
470	2	1356	4
472	2	1304	4
473	2	1461	4
474	2	1930	4
475	2	1513	4
476	2	1148	4
483	2	1878	4
484	2	1461	4
485	2	1930	4
486	2	1513	4
487	2	1617	4
489	2	1669	4
490	2	1722	4
494	2	1930	4
500	2	1774	4
504	2	1826	4
508	2	1565	4
510	2	1826	4
513	2	1565	4
514	2	2035	4
515	2	2139	4
519	2	1826	4
520	2	1408	4
524	2	1513	4
525	2	2139	4
528	2	1513	4
529	2	1774	4
530	2	1252	4
532	2	1930	4
533	2	1304	4
535	2	1669	4
536	2	1774	4
540	2	1095	4
543	2	1356	4
544	2	1461	4
545	2	1200	4
547	2	1565	4
553	2	1565	4
555	2	1408	4
556	2	1565	4
557	2	2243	4
562	2	1930	4
563	2	1461	4
564	2	1565	4
567	2	1826	4
570	2	1930	4
572	2	1878	4
573	2	1408	4
574	2	1617	4
578	2	1982	4
579	2	2139	4
580	2	1669	4
582	2	2191	4
584	2	1669	4
585	2	1669	4
587	2	1826	4
588	2	2243	4
589	2	1565	4
592	2	1408	4
594	2	1408	4
595	2	1356	4
596	2	1617	4
602	2	1356	4
604	2	1930	4
606	2	1669	4
607	2	2191	4
608	2	1826	4
609	2	1669	4
611	2	2035	4
612	2	1930	4
613	2	1513	4
614	2	2191	4
616	2	2191	4
618	2	1617	4
619	2	1826	4
623	2	1461	4
626	2	1513	4
628	2	1304	4
630	2	1565	4
631	2	1722	4
633	2	2087	4
634	2	1408	4
636	2	1722	4
637	2	2035	4
638	2	1982	4
640	2	1461	4
642	2	1565	4
643	2	1148	4
644	2	2035	4
646	2	2295	4
647	2	1200	4
650	2	1565	4
651	2	2087	4
652	2	1982	4
654	2	1722	4
657	2	1930	4
660	2	2087	4
661	2	2295	4
663	2	2191	4
664	2	2139	4
668	2	2139	4
669	2	1930	4
672	2	1617	4
674	2	1774	4
679	2	1200	4
681	2	1408	4
684	2	1669	4
686	2	1878	4
687	2	1200	4
691	2	2087	4
692	2	1826	4
694	2	1669	4
695	2	1930	4
699	2	1617	4
700	2	1930	4
701	2	1356	4
702	2	1356	4
702	2	2087	12
704	2	1565	4
705	2	1878	4
707	2	1617	4
708	2	2139	4
711	2	1774	4
713	2	2295	4
715	2	1252	4
716	2	1513	4
717	2	1095	4
719	2	1513	4
720	2	1565	4
722	2	1252	4
725	2	1617	4
726	2	1774	4
728	2	1252	12
728	2	1461	4
729	2	2035	4
731	2	1669	4
732	2	1304	4
734	2	1565	4
735	2	1356	4
736	2	1878	4
737	2	1408	4
739	2	1982	4
740	2	2035	4
742	2	1669	4
743	2	1930	4
746	2	1252	4
751	2	1722	4
752	2	1617	4
756	2	2087	4
757	2	2087	4
758	2	1304	4
759	2	1461	4
760	2	1461	4
761	2	1669	4
763	2	1565	4
765	2	1722	4
766	2	1669	4
767	2	2191	4
768	2	1252	4
769	2	1669	4
770	2	1513	4
772	2	1408	4
773	2	2087	4
775	2	1669	4
778	2	1878	4
780	2	2087	4
783	2	1878	4
784	2	939	4
786	2	1304	4
787	2	1565	4
788	2	1617	4
789	2	1461	4
793	2	1356	4
794	2	1982	4
795	2	2035	4
796	2	1774	4
798	2	1252	4
799	2	1617	4
800	2	1669	4
802	2	1565	4
803	2	1878	4
804	2	1669	4
809	2	1617	4
812	2	2035	4
816	2	2191	4
817	2	1461	4
819	2	2295	4
822	2	1669	4
824	2	1930	4
825	2	1878	4
828	2	1513	4
829	2	2295	4
830	2	2087	4
831	2	1722	4
832	2	1617	4
833	2	1461	4
835	2	1826	4
837	2	1930	4
842	2	1982	4
844	2	1304	4
845	2	1461	4
846	2	1513	4
847	2	1617	4
848	2	1565	4
850	2	1461	4
852	2	1408	4
853	2	1722	4
854	2	2035	4
855	2	1200	12
855	2	1461	4
859	2	2035	4
860	2	1043	4
861	2	1982	4
862	2	2035	4
864	2	1513	4
865	2	2035	4
866	2	1304	4
867	2	1513	4
868	2	2035	4
871	2	1878	4
872	2	1930	4
874	2	1356	4
878	2	1826	4
879	2	1722	4
880	2	1408	4
882	2	1408	4
887	2	1617	4
888	2	1878	4
889	2	1565	4
891	2	1565	4
892	2	2191	4
893	2	2191	4
894	2	1565	4
895	2	2243	4
896	2	2139	4
897	2	1461	4
898	2	1408	4
900	2	2191	4
901	2	1408	4
903	2	2087	4
907	2	1669	4
909	2	1982	4
910	2	1408	4
912	2	1669	4
913	2	1617	4
919	2	1513	4
920	2	2139	4
923	2	1982	4
926	2	1356	12
926	2	1565	4
928	2	1982	4
932	2	1565	4
933	2	1774	4
935	2	1095	4
937	2	1722	4
940	2	2191	4
942	2	2087	4
943	2	2087	4
946	2	1513	4
948	2	1565	4
949	2	2087	4
950	2	1513	4
951	2	1095	12
951	2	1356	4
952	2	1461	12
952	2	1617	4
953	2	2035	4
954	2	2191	4
955	2	2243	4
956	2	1513	4
958	2	1722	4
959	2	1878	4
963	2	1826	4
966	2	2191	4
967	2	1669	4
968	2	1408	4
970	2	1304	4
971	2	2191	4
974	2	1252	4
979	2	1774	4
980	2	2243	4
981	2	1513	4
982	2	1826	4
983	2	2035	4
985	2	1356	4
986	2	1408	4
987	2	1565	4
988	2	1669	4
990	2	1722	4
991	2	1617	4
993	2	1304	4
995	2	1565	4
998	2	1722	4
