Realization	utility	week	infra.
0	0	1461	4
0	0	1722	8
0	0	2243	10
1	0	1722	4
1	0	1982	8
2	0	1617	4
2	0	1878	8
4	0	1252	8
4	0	1774	4
4	0	2087	10
7	0	1722	4
7	0	1982	8
9	0	1565	4
9	0	1826	8
9	0	2139	10
10	0	1148	8
10	0	1878	4
10	0	2191	10
11	0	1565	4
11	0	1826	8
11	0	2139	10
12	0	2139	4
14	0	1304	4
14	0	1565	8
14	0	1930	10
14	0	2243	9
15	0	1356	4
15	0	1617	8
15	0	1930	10
15	0	2243	9
16	0	1565	4
16	0	1826	8
17	0	2035	4
20	0	1617	4
20	0	1878	8
21	0	1200	4
21	0	1461	8
21	0	1774	10
21	0	2087	9
29	0	1043	8
29	0	1617	4
29	0	1930	10
29	0	2243	9
30	0	1513	4
30	0	1774	8
30	0	2139	10
34	0	1200	8
35	0	1461	4
35	0	1722	8
35	0	2035	10
36	0	1200	8
36	0	1669	4
36	0	1982	10
36	0	2295	9
38	0	1669	4
38	0	1930	8
41	0	1669	4
41	0	1930	8
42	0	2295	4
43	0	1617	4
43	0	1878	8
43	0	2191	10
45	0	1565	4
45	0	1826	8
46	0	1722	4
46	0	1982	8
47	0	1565	4
47	0	1826	8
47	0	2191	10
48	0	1043	8
50	0	1774	4
50	0	2035	8
51	0	1774	4
51	0	2035	8
52	0	1356	4
52	0	1617	8
52	0	1930	10
52	0	2243	9
56	0	1617	4
56	0	1878	8
56	0	2191	10
58	0	1826	4
60	0	1774	4
61	0	1930	4
61	0	2191	8
63	0	1930	4
63	0	2191	8
65	0	991	8
65	0	1930	4
65	0	2243	10
66	0	1043	8
66	0	1930	4
66	0	2243	10
67	0	1043	8
70	0	1722	4
70	0	2087	8
71	0	1095	8
71	0	1774	4
71	0	2087	10
72	0	1565	4
72	0	1878	8
74	0	1617	4
74	0	1878	8
76	0	1565	4
76	0	1826	8
77	0	1095	8
77	0	1669	4
77	0	2035	10
82	0	2035	4
82	0	2295	8
87	0	1722	4
87	0	1982	8
87	0	2295	10
88	0	1878	4
88	0	2139	8
89	0	1200	8
91	0	1356	4
91	0	1617	8
91	0	1930	10
91	0	2243	9
93	0	574	8
93	0	887	10
93	0	1200	9
93	0	1565	4
94	0	2139	4
95	0	1148	4
95	0	1408	8
95	0	1722	10
95	0	2035	9
99	0	2139	4
100	0	2035	4
100	0	2295	8
104	0	1930	4
104	0	2191	8
105	0	1982	4
105	0	2243	8
108	0	991	8
108	0	1461	10
108	0	1774	4
108	0	2087	9
109	0	1513	4
109	0	1774	8
110	0	1617	4
110	0	1878	8
113	0	991	8
113	0	1356	4
113	0	1669	10
113	0	1982	9
118	0	2139	4
119	0	939	4
119	0	1200	8
119	0	1513	10
119	0	1826	9
120	0	1461	4
120	0	1722	8
121	0	1617	4
121	0	1878	8
121	0	2191	10
122	0	1356	4
122	0	1617	8
122	0	2087	10
125	0	730	8
125	0	1408	10
125	0	1722	4
125	0	2035	9
126	0	1408	8
131	0	1826	4
131	0	2087	8
136	0	1878	4
137	0	1200	8
137	0	1513	4
137	0	1826	10
137	0	2139	9
140	0	1513	4
140	0	1774	8
141	0	1513	4
141	0	1774	8
142	0	1356	4
142	0	1617	8
142	0	1930	10
142	0	2243	9
143	0	1513	4
143	0	1774	8
144	0	1722	4
144	0	1982	8
148	0	2191	4
149	0	1356	8
149	0	2035	4
152	0	1356	4
152	0	1617	8
152	0	1982	10
152	0	2295	9
153	0	1669	4
153	0	1930	8
153	0	2243	10
158	0	1565	4
158	0	1826	8
160	0	2295	4
162	0	2191	4
165	0	1148	8
165	0	1930	4
165	0	2295	10
166	0	1148	8
166	0	1461	10
166	0	1774	4
166	0	2087	9
167	0	1878	4
167	0	2139	8
169	0	991	8
169	0	1304	4
169	0	1617	10
169	0	1930	9
175	0	1200	4
175	0	1461	8
175	0	1878	10
175	0	2191	9
176	0	1408	4
176	0	1669	8
176	0	1982	10
176	0	2295	9
178	0	1461	4
178	0	1722	8
178	0	2087	10
179	0	782	8
179	0	1461	4
179	0	1774	10
179	0	2087	9
182	0	1878	4
182	0	2139	8
183	0	2295	4
185	0	1722	4
185	0	1982	8
187	0	1252	4
187	0	1513	8
187	0	1826	10
187	0	2139	9
188	0	1774	4
188	0	2035	8
190	0	1356	4
190	0	1617	8
192	0	1617	4
192	0	1878	8
194	0	1669	4
194	0	1930	8
195	0	1148	8
195	0	2243	4
201	0	1200	8
201	0	1669	4
201	0	1982	10
201	0	2295	9
202	0	2243	4
204	0	1043	4
204	0	1304	8
204	0	1617	10
204	0	1930	9
205	0	939	8
205	0	1513	4
205	0	1826	10
205	0	2139	9
207	0	1043	8
207	0	1356	4
207	0	1669	10
207	0	1982	9
210	0	1356	4
210	0	1617	8
210	0	1930	10
210	0	2243	9
211	0	1617	4
211	0	1878	8
211	0	2243	10
213	0	939	8
213	0	1513	4
213	0	1826	10
213	0	2139	9
216	0	1669	4
216	0	1930	8
216	0	2243	10
219	0	1356	8
219	0	1669	4
219	0	1982	10
219	0	2295	9
220	0	1930	4
220	0	2191	8
222	0	1252	8
222	0	1565	4
222	0	1878	10
222	0	2191	9
225	0	2295	4
226	0	1043	8
226	0	1356	10
226	0	1669	4
226	0	1982	9
228	0	1513	4
228	0	1774	8
228	0	2139	10
229	0	1252	4
229	0	1513	8
229	0	1826	10
229	0	2139	9
230	0	991	8
230	0	1461	4
230	0	1774	10
230	0	2087	9
231	0	1826	4
231	0	2087	8
232	0	1513	4
232	0	1774	8
233	0	1043	8
233	0	1722	4
233	0	2035	10
234	0	678	8
234	0	991	4
234	0	1304	10
234	0	1617	9
238	0	1982	4
238	0	2243	8
240	0	1617	4
240	0	1878	8
240	0	2191	10
241	0	1617	4
241	0	1878	8
242	0	1043	8
242	0	1617	4
242	0	1930	10
242	0	2243	9
243	0	1461	4
243	0	1722	8
246	0	1461	4
246	0	1722	8
247	0	1722	4
247	0	2035	8
255	0	1617	4
255	0	1878	8
256	0	1565	4
256	0	1826	8
257	0	991	8
257	0	1669	4
257	0	1982	10
257	0	2295	9
261	0	2035	4
262	0	1513	4
262	0	1774	8
264	0	1513	4
264	0	1774	8
265	0	1304	4
265	0	1565	8
265	0	1982	10
266	0	887	8
266	0	1513	4
266	0	1826	10
266	0	2139	9
268	0	1200	4
268	0	1461	8
272	0	1930	4
272	0	2191	8
275	0	1461	4
275	0	1722	8
279	0	1826	4
279	0	2087	8
281	0	1565	4
281	0	1826	8
281	0	2191	10
282	0	1043	8
282	0	2139	4
283	0	1148	8
283	0	1930	4
283	0	2243	10
285	0	1200	4
285	0	1461	8
285	0	1774	10
285	0	2087	9
287	0	1252	4
287	0	1513	8
287	0	1878	10
287	0	2191	9
288	0	1982	4
288	0	2243	8
290	0	1669	4
290	0	1930	8
291	0	834	8
291	0	1200	10
291	0	1513	4
291	0	1826	9
294	0	2087	4
295	0	1200	8
295	0	2191	4
298	0	1722	4
298	0	1982	8
301	0	1565	4
301	0	1826	8
303	0	2087	4
304	0	1774	4
304	0	2035	8
312	0	2295	4
316	0	1669	4
316	0	1930	8
318	0	1774	4
318	0	2035	8
319	0	1043	8
319	0	1356	4
319	0	1669	10
319	0	1982	9
321	0	1826	4
321	0	2087	8
323	0	1722	4
323	0	1982	8
326	0	1252	4
326	0	1513	8
326	0	1826	10
326	0	2139	9
327	0	1826	4
327	0	2139	8
329	0	1878	4
329	0	2139	8
333	0	1043	8
333	0	1669	4
333	0	2035	10
334	0	1148	4
334	0	1408	8
335	0	1617	4
335	0	1878	8
336	0	1982	4
336	0	2295	8
338	0	1669	4
338	0	1930	8
339	0	1513	4
339	0	1774	8
339	0	2087	10
344	0	1408	4
344	0	1669	8
344	0	1982	10
344	0	2295	9
345	0	1304	4
345	0	1565	8
348	0	939	8
348	0	1513	4
348	0	1826	10
348	0	2139	9
351	0	991	8
351	0	1461	4
351	0	1774	10
351	0	2087	9
354	0	1408	4
354	0	1669	8
355	0	2087	4
357	0	1513	4
357	0	1774	8
358	0	1461	4
358	0	1722	8
360	0	1408	4
360	0	1669	8
360	0	1982	10
360	0	2295	9
361	0	887	8
361	0	1617	4
361	0	1930	10
361	0	2243	9
363	0	1304	8
363	0	2295	4
364	0	1408	4
364	0	1669	8
364	0	1982	10
364	0	2295	9
365	0	1722	4
365	0	1982	8
366	0	991	8
366	0	2035	4
368	0	782	8
368	0	1669	4
368	0	1982	10
368	0	2295	9
369	0	2035	4
369	0	2295	8
370	0	2139	4
372	0	1200	8
372	0	1774	4
372	0	2139	10
374	0	1774	4
374	0	2035	8
375	0	782	8
375	0	1617	4
375	0	1930	10
375	0	2243	9
380	0	1408	4
380	0	1669	8
385	0	2139	4
389	0	1408	4
389	0	1669	8
393	0	1565	4
393	0	1826	8
393	0	2139	10
394	0	834	8
394	0	1148	10
394	0	1461	4
394	0	1774	9
395	0	1513	8
396	0	1461	8
398	0	1617	4
398	0	1878	8
399	0	2087	4
403	0	991	8
403	0	1408	10
403	0	1722	4
403	0	2035	9
407	0	2295	4
409	0	782	8
409	0	1252	4
409	0	1565	10
409	0	1878	9
410	0	1826	4
410	0	2087	8
412	0	1461	4
412	0	1722	8
413	0	1513	4
413	0	1774	8
414	0	2087	4
415	0	1252	4
415	0	1513	8
416	0	1408	4
416	0	1669	8
416	0	1982	10
417	0	782	8
417	0	1408	4
417	0	1722	10
417	0	2035	9
418	0	1252	4
418	0	1513	8
418	0	1826	10
418	0	2139	9
419	0	1826	4
419	0	2087	8
421	0	1513	4
421	0	1774	8
421	0	2191	10
422	0	1043	8
422	0	1513	4
422	0	1826	10
422	0	2139	9
423	0	1304	8
425	0	1930	4
425	0	2191	8
428	0	834	8
428	0	1408	4
428	0	1722	10
428	0	2035	9
430	0	1565	4
430	0	1826	8
430	0	2139	10
431	0	1043	8
431	0	1669	4
431	0	1982	10
432	0	2087	4
433	0	1669	4
433	0	1930	8
434	0	1982	4
434	0	2243	8
435	0	887	8
435	0	1304	4
435	0	1617	10
435	0	1930	9
441	0	1513	4
441	0	1826	8
443	0	1878	4
445	0	2035	4
445	0	2295	8
446	0	1356	4
446	0	1617	8
446	0	2295	10
448	0	1356	8
448	0	2087	4
450	0	939	8
450	0	1617	4
450	0	1930	10
450	0	2243	9
451	0	1565	4
451	0	1826	8
451	0	2139	10
452	0	1252	4
452	0	1513	8
453	0	887	8
453	0	1356	4
453	0	1669	10
453	0	1982	9
454	0	1617	4
454	0	1878	8
454	0	2295	10
455	0	1304	8
455	0	1669	4
455	0	1982	10
455	0	2295	9
456	0	1461	4
456	0	1722	8
457	0	1095	4
457	0	1356	8
457	0	1669	10
457	0	1982	9
459	0	1513	4
459	0	1774	8
459	0	2087	10
461	0	939	8
461	0	1617	4
461	0	1930	10
461	0	2243	9
465	0	887	8
465	0	1461	4
465	0	1774	10
465	0	2087	9
466	0	1408	4
466	0	1669	8
467	0	521	8
467	0	887	10
467	0	1200	4
467	0	1513	9
468	0	991	8
468	0	1722	4
468	0	2035	10
470	0	1356	4
470	0	1617	8
470	0	1930	10
470	0	2243	9
472	0	1304	4
472	0	1565	8
472	0	1878	10
472	0	2191	9
473	0	1617	4
473	0	1878	8
474	0	2191	4
475	0	1565	4
475	0	1826	8
476	0	1356	4
476	0	1617	8
483	0	1878	4
483	0	2139	8
484	0	834	8
484	0	1617	4
484	0	1930	10
484	0	2243	9
485	0	1930	4
485	0	2243	8
486	0	1356	4
486	0	1617	8
486	0	2035	10
487	0	1617	4
487	0	1878	8
487	0	2243	10
489	0	1669	4
489	0	1930	8
490	0	1722	4
490	0	1982	8
494	0	2139	4
500	0	1774	4
500	0	2035	8
504	0	1826	4
504	0	2087	8
508	0	939	8
508	0	1669	4
508	0	2035	10
510	0	1043	8
510	0	1826	4
510	0	2139	10
513	0	1565	4
513	0	1826	8
513	0	2139	10
514	0	2139	4
515	0	2139	4
519	0	1826	4
519	0	2087	8
520	0	1148	8
520	0	1461	4
520	0	1774	10
520	0	2087	9
524	0	1722	4
524	0	1982	8
525	0	2191	4
528	0	1513	4
528	0	1774	8
528	0	2295	10
529	0	1356	8
529	0	1669	4
529	0	1982	10
529	0	2295	9
530	0	1252	4
530	0	1513	8
532	0	2139	4
533	0	1304	4
533	0	1565	8
533	0	1878	10
533	0	2295	9
535	0	1356	8
535	0	1930	4
535	0	2243	10
536	0	1826	4
536	0	2139	8
540	0	1095	4
540	0	1356	8
540	0	2191	10
543	0	1461	4
543	0	1722	8
544	0	1513	4
544	0	1774	8
545	0	1200	4
545	0	1461	8
547	0	1565	4
547	0	1826	8
547	0	2139	10
553	0	1878	4
553	0	2139	8
555	0	1408	4
555	0	1669	8
555	0	1982	10
555	0	2295	9
556	0	1722	4
556	0	1982	8
557	0	2243	4
562	0	2087	4
563	0	1200	8
563	0	1513	4
563	0	1826	10
563	0	2139	9
564	0	939	8
564	0	1774	4
564	0	2087	10
567	0	2035	4
570	0	1930	4
570	0	2191	8
572	0	1095	8
572	0	1878	4
572	0	2191	10
573	0	1461	4
573	0	1722	8
573	0	2191	10
574	0	991	8
574	0	1461	4
574	0	1774	10
574	0	2087	9
578	0	1095	8
578	0	2191	4
579	0	2139	4
580	0	1200	8
580	0	1669	4
580	0	2035	10
584	0	1200	8
584	0	2295	4
585	0	991	8
585	0	1461	10
585	0	1774	4
585	0	2087	9
587	0	1252	8
588	0	2243	4
589	0	1148	8
589	0	1617	4
589	0	1930	10
589	0	2243	9
592	0	939	8
592	0	1565	4
592	0	1878	10
592	0	2191	9
594	0	1461	4
594	0	1722	8
595	0	1356	4
595	0	1617	8
596	0	1043	8
596	0	1461	10
596	0	1774	4
596	0	2087	9
602	0	1356	4
602	0	1617	8
604	0	1930	4
604	0	2191	8
606	0	1669	4
606	0	2035	8
608	0	1826	4
608	0	2087	8
609	0	1669	4
609	0	1930	8
609	0	2243	10
611	0	2035	4
611	0	2295	8
612	0	2087	4
613	0	887	8
613	0	1513	4
613	0	1826	10
613	0	2139	9
614	0	2191	4
618	0	1617	4
618	0	1878	8
619	0	1826	4
619	0	2087	8
623	0	1461	4
623	0	1722	8
623	0	2035	10
626	0	1513	4
626	0	1774	8
628	0	1356	4
628	0	1617	8
628	0	1982	10
630	0	1565	4
630	0	1826	8
631	0	1722	4
631	0	1982	8
633	0	1304	8
633	0	2087	4
634	0	887	8
634	0	1408	4
634	0	1722	10
634	0	2035	9
636	0	1722	4
636	0	1982	8
637	0	2035	4
637	0	2295	8
638	0	2035	4
638	0	2295	8
640	0	1461	4
640	0	1722	8
640	0	2035	10
642	0	1043	8
642	0	1617	4
642	0	1930	10
642	0	2243	9
643	0	1148	4
643	0	1408	8
643	0	1722	10
643	0	2035	9
644	0	2087	4
647	0	1200	4
647	0	1461	8
647	0	1774	10
647	0	2087	9
650	0	1565	4
650	0	1826	8
650	0	2243	10
651	0	2087	4
652	0	2035	4
652	0	2295	8
654	0	1722	4
654	0	1982	8
657	0	1930	4
657	0	2243	8
664	0	2139	4
668	0	2139	4
669	0	1095	8
669	0	2243	4
672	0	1043	8
672	0	1617	4
672	0	1930	10
672	0	2243	9
674	0	1774	4
674	0	2035	8
679	0	782	8
679	0	1200	4
679	0	1513	10
679	0	1826	9
681	0	1408	4
681	0	1669	8
684	0	1669	4
684	0	1982	8
686	0	1408	8
686	0	1878	4
687	0	1252	4
687	0	1513	8
691	0	2087	4
692	0	1982	4
692	0	2243	8
694	0	1200	8
694	0	1513	10
694	0	1826	4
694	0	2139	9
695	0	1930	4
695	0	2191	8
699	0	887	8
699	0	1565	4
699	0	1878	10
699	0	2191	9
700	0	1930	4
700	0	2191	8
701	0	1356	4
701	0	1617	8
701	0	1930	10
701	0	2243	9
702	0	1356	4
702	0	1617	8
702	0	1930	10
702	0	2243	9
704	0	1878	4
704	0	2139	8
705	0	1095	8
705	0	2087	4
707	0	1617	4
707	0	1878	8
708	0	2243	4
711	0	1774	4
711	0	2035	8
712	0	1200	8
715	0	1252	4
715	0	1513	8
715	0	2139	10
716	0	1565	4
716	0	1826	8
717	0	1095	4
717	0	1356	8
717	0	1669	10
717	0	1982	9
719	0	1565	4
719	0	1826	8
720	0	1565	4
720	0	1826	8
722	0	1252	4
722	0	1513	8
722	0	1826	10
722	0	2139	9
725	0	1722	4
725	0	1982	8
726	0	1930	4
728	0	626	8
728	0	1200	10
728	0	1513	4
728	0	1826	9
729	0	2035	4
729	0	2295	8
731	0	1669	4
731	0	1930	8
732	0	1304	4
732	0	1565	8
732	0	1878	10
732	0	2191	9
734	0	1565	4
734	0	1826	8
735	0	1356	4
735	0	1617	8
736	0	1930	4
736	0	2191	8
737	0	1513	4
737	0	1774	8
739	0	1982	4
739	0	2243	8
740	0	1304	8
742	0	939	8
742	0	1669	4
742	0	1982	10
742	0	2295	9
743	0	1930	4
743	0	2191	8
746	0	1408	4
746	0	1669	8
746	0	1982	10
746	0	2295	9
751	0	1722	4
751	0	1982	8
751	0	2295	10
752	0	1617	4
752	0	1878	8
756	0	2139	4
757	0	2295	4
758	0	782	8
758	0	1356	4
758	0	1669	10
758	0	1982	9
759	0	1565	4
759	0	1826	8
759	0	2243	10
760	0	1930	4
760	0	2191	8
761	0	1669	4
761	0	1930	8
761	0	2243	10
763	0	1252	8
763	0	1722	4
763	0	2035	10
765	0	939	8
765	0	1304	10
765	0	1617	4
765	0	1930	9
766	0	1304	8
766	0	2191	4
767	0	2191	4
768	0	1252	4
768	0	1513	8
769	0	1669	4
769	0	1930	8
770	0	626	8
770	0	991	10
770	0	1304	9
770	0	1617	4
772	0	1513	4
772	0	1774	8
772	0	2087	10
773	0	2087	4
775	0	939	8
775	0	1669	4
775	0	2035	10
778	0	1878	4
778	0	2139	8
780	0	2243	4
784	0	991	4
784	0	1252	8
784	0	1565	10
784	0	1878	9
786	0	1304	4
786	0	1565	8
787	0	1565	4
787	0	1826	8
788	0	1252	8
788	0	1565	4
788	0	1878	10
788	0	2191	9
789	0	887	8
789	0	1461	4
789	0	1774	10
789	0	2087	9
791	0	1304	8
793	0	1408	4
793	0	1669	8
794	0	1982	4
796	0	1774	4
796	0	2035	8
798	0	1252	4
798	0	1513	8
798	0	1826	10
798	0	2139	9
799	0	1826	4
799	0	2139	8
800	0	1930	4
800	0	2191	8
802	0	1565	4
802	0	1826	8
802	0	2139	10
803	0	1878	4
803	0	2139	8
804	0	1669	4
804	0	1930	8
807	0	1461	4
807	0	1722	8
809	0	1617	4
809	0	1878	8
812	0	2035	4
816	0	1304	8
817	0	1461	4
817	0	1722	8
819	0	2295	4
822	0	1095	8
822	0	1669	4
822	0	1982	10
822	0	2295	9
824	0	1930	4
824	0	2191	8
825	0	1878	4
825	0	2139	8
828	0	1617	4
828	0	1878	8
828	0	2191	10
829	0	2295	4
830	0	2087	4
831	0	1252	8
831	0	1774	4
831	0	2087	10
832	0	1669	4
832	0	1930	8
833	0	1461	4
833	0	1722	8
835	0	1356	8
835	0	2087	4
837	0	1930	4
837	0	2191	8
844	0	1356	4
844	0	1617	8
845	0	1148	8
845	0	1513	4
845	0	1826	10
845	0	2139	9
846	0	1617	4
846	0	1878	8
847	0	1617	4
847	0	1878	8
848	0	1617	4
848	0	1982	8
850	0	1461	4
850	0	1722	8
850	0	2035	10
852	0	1408	4
852	0	1669	8
853	0	1722	4
853	0	1982	8
853	0	2295	10
854	0	2035	4
855	0	1043	8
855	0	1461	4
855	0	1774	10
855	0	2087	9
859	0	2035	4
859	0	2295	8
860	0	1043	4
860	0	1304	8
860	0	1774	10
860	0	2087	9
861	0	1095	8
861	0	2139	4
862	0	2035	4
862	0	2295	8
864	0	1513	4
864	0	1774	8
866	0	1304	4
866	0	1565	8
866	0	1982	10
866	0	2295	9
867	0	1513	4
867	0	1774	8
867	0	2087	10
868	0	2191	4
870	0	1200	8
871	0	1878	4
871	0	2139	8
872	0	1930	4
872	0	2191	8
874	0	1356	4
874	0	1617	8
874	0	2087	10
878	0	1982	4
878	0	2243	8
879	0	1043	8
879	0	1461	10
879	0	1774	4
879	0	2087	9
880	0	1408	4
880	0	1669	8
880	0	2035	10
882	0	730	8
882	0	1461	4
882	0	1774	10
882	0	2087	9
887	0	1617	4
887	0	1878	8
888	0	1252	4
888	0	1513	8
888	0	2087	10
889	0	782	8
889	0	1304	10
889	0	1617	4
889	0	1930	9
891	0	1565	4
891	0	1826	8
891	0	2139	10
892	0	1200	8
894	0	1565	4
894	0	1826	8
897	0	939	8
897	0	1461	4
897	0	1774	10
897	0	2087	9
898	0	939	8
898	0	1408	4
898	0	1722	10
898	0	2035	9
900	0	2295	4
901	0	1408	4
901	0	1669	8
901	0	1982	10
901	0	2295	9
907	0	1669	4
907	0	1930	8
910	0	1408	4
910	0	1669	8
910	0	1982	10
910	0	2295	9
912	0	1669	4
912	0	1930	8
912	0	2243	10
913	0	1669	4
913	0	1930	8
919	0	626	8
919	0	991	10
919	0	1304	9
919	0	1617	4
920	0	1148	8
923	0	1982	4
926	0	1043	8
926	0	1565	4
926	0	1878	10
926	0	2191	9
928	0	1982	4
928	0	2243	8
929	0	1356	8
932	0	1722	4
932	0	2035	8
933	0	1774	4
933	0	2035	8
935	0	1095	4
935	0	1356	8
935	0	1982	10
937	0	1878	4
937	0	2295	8
940	0	2191	4
942	0	1148	8
942	0	2295	4
946	0	1669	4
946	0	1930	8
948	0	1669	4
948	0	1930	8
949	0	2139	4
950	0	991	8
950	0	1304	10
950	0	1617	4
950	0	1930	9
951	0	991	8
951	0	1304	4
951	0	1617	10
951	0	1930	9
952	0	1617	4
952	0	1878	8
953	0	2035	4
953	0	2295	8
954	0	2191	4
956	0	1513	4
956	0	1774	8
956	0	2139	10
958	0	1722	4
958	0	2087	8
959	0	1878	4
959	0	2139	8
962	0	1200	8
963	0	1826	4
963	0	2087	8
966	0	2191	4
967	0	1669	4
967	0	1982	8
968	0	1095	8
968	0	1408	4
968	0	1722	10
968	0	2035	9
970	0	939	8
970	0	1304	4
970	0	1617	10
970	0	1930	9
974	0	1252	4
974	0	1513	8
975	0	1148	8
979	0	1774	4
979	0	2035	8
980	0	1304	8
981	0	1513	4
981	0	1774	8
981	0	2087	10
982	0	1930	4
982	0	2191	8
983	0	2087	4
985	0	1461	4
985	0	1774	8
986	0	1408	4
986	0	1669	8
986	0	1982	10
986	0	2295	9
987	0	782	8
987	0	1408	10
987	0	1722	4
987	0	2035	9
988	0	1200	8
988	0	1826	4
988	0	2139	10
990	0	1774	4
990	0	2035	8
991	0	1617	4
991	0	1878	8
991	0	2191	10
993	0	939	8
993	0	1304	4
993	0	1617	10
993	0	1930	9
995	0	1565	4
995	0	1826	8
995	0	2191	10
998	0	1774	4
998	0	2035	8
0	1	1669	5
1	1	1930	5
2	1	1565	5
3	1	1774	5
4	1	1095	11
4	1	1356	5
7	1	1669	5
8	1	1669	5
9	1	1826	5
10	1	1669	5
11	1	1722	5
12	1	1826	5
13	1	1826	5
14	1	1617	5
15	1	1252	5
16	1	1513	5
17	1	2191	5
18	1	1513	5
20	1	1565	5
21	1	1200	11
21	1	1461	5
24	1	2295	5
28	1	2243	5
29	1	1461	5
30	1	1461	11
30	1	1722	5
33	1	2243	5
34	1	1617	5
35	1	1200	11
35	1	1461	5
36	1	1148	5
38	1	2139	5
41	1	1617	5
42	1	2087	5
43	1	1669	5
45	1	1461	5
46	1	1982	5
47	1	1617	5
48	1	1461	5
50	1	2295	5
51	1	1617	5
52	1	1356	5
55	1	2243	5
56	1	991	11
56	1	1252	5
58	1	1461	5
59	1	2087	5
60	1	1617	5
61	1	1669	5
63	1	1930	5
64	1	1982	5
65	1	1565	5
66	1	1252	11
66	1	1513	5
67	1	1565	5
71	1	939	11
71	1	1200	5
72	1	1200	5
74	1	1304	5
75	1	2191	5
76	1	1982	5
77	1	1617	5
82	1	1513	5
84	1	1095	11
84	1	1356	5
87	1	1617	5
88	1	2295	5
89	1	1930	5
90	1	2035	5
91	1	1408	5
91	1	2295	11
92	1	1304	11
92	1	1565	5
93	1	626	11
93	1	991	5
94	1	1252	5
95	1	991	11
95	1	1252	5
99	1	1513	5
100	1	1982	5
104	1	1774	5
105	1	2035	5
108	1	1252	11
108	1	1565	5
109	1	1565	5
110	1	1513	5
111	1	2243	5
113	1	1043	11
113	1	1304	5
115	1	1200	11
115	1	1461	5
116	1	1930	5
119	1	782	11
119	1	1043	5
120	1	1930	5
121	1	1513	5
122	1	1722	5
125	1	1408	5
126	1	2243	5
128	1	2295	5
131	1	1408	11
131	1	1669	5
136	1	1982	5
137	1	1200	11
137	1	1461	5
138	1	2243	5
139	1	1878	5
140	1	1617	5
141	1	1356	11
141	1	1617	5
142	1	1408	5
143	1	1669	5
144	1	1669	5
148	1	1930	5
149	1	1669	5
150	1	2191	5
151	1	2139	5
152	1	1304	5
153	1	1722	5
158	1	1617	5
160	1	1617	5
162	1	2243	5
165	1	1774	5
166	1	1043	11
166	1	1461	5
167	1	1513	5
169	1	1461	5
171	1	2087	5
175	1	1826	5
176	1	1513	5
178	1	1304	11
178	1	1565	5
179	1	1669	5
182	1	1513	5
183	1	2243	5
184	1	1930	5
185	1	2295	5
187	1	1148	11
187	1	1408	5
188	1	1722	5
190	1	2035	5
192	1	1669	5
194	1	1617	5
195	1	1408	5
199	1	2035	5
201	1	1461	5
201	1	1982	11
202	1	1148	11
202	1	1408	5
204	1	1617	5
205	1	1513	5
206	1	1982	5
207	1	1461	5
210	1	1565	5
211	1	1513	5
213	1	1982	5
216	1	1617	5
219	1	1408	5
220	1	1461	5
221	1	2087	5
222	1	1356	11
222	1	1617	5
226	1	1043	5
227	1	1513	5
228	1	1565	5
229	1	1565	5
230	1	1095	11
230	1	1356	5
231	1	1669	5
232	1	1200	11
232	1	1461	5
233	1	1200	11
233	1	1461	5
234	1	991	11
234	1	1252	5
238	1	1408	5
239	1	1930	5
240	1	1200	11
240	1	1461	5
242	1	1617	5
245	1	1722	5
246	1	1878	5
247	1	1669	5
251	1	2035	5
255	1	1617	5
256	1	1722	5
257	1	991	11
257	1	1252	5
261	1	2243	5
262	1	2087	5
264	1	1982	5
265	1	1461	5
266	1	1356	5
267	1	2243	5
268	1	1408	5
270	1	1826	5
272	1	1617	5
274	1	1826	5
275	1	1930	5
279	1	1513	5
281	1	1304	5
282	1	1356	11
282	1	1617	5
283	1	1669	5
285	1	1356	5
287	1	939	11
287	1	1513	5
288	1	1878	5
290	1	1722	5
291	1	1148	11
291	1	1408	5
294	1	2035	5
295	1	1461	5
298	1	1461	5
299	1	1669	5
301	1	1878	5
302	1	2087	5
304	1	1304	5
307	1	2035	5
309	1	2191	5
312	1	1826	5
316	1	1513	5
317	1	2295	5
318	1	2139	5
319	1	1200	11
319	1	1565	5
321	1	1669	5
323	1	1878	5
324	1	1826	5
326	1	1200	11
326	1	1461	5
329	1	1617	5
330	1	2087	5
333	1	1565	5
334	1	2087	5
335	1	1513	5
336	1	2243	5
338	1	2191	5
339	1	1513	5
340	1	1722	5
343	1	1826	5
344	1	1356	5
345	1	1669	5
346	1	2035	5
348	1	1513	5
351	1	834	11
351	1	1461	5
353	1	2035	5
354	1	1565	5
355	1	1722	5
357	1	1930	5
358	1	2087	5
360	1	1356	5
361	1	1461	5
362	1	1826	5
363	1	1461	5
364	1	1356	5
365	1	2191	5
366	1	991	11
366	1	1252	5
367	1	1200	5
368	1	1304	11
368	1	1565	5
369	1	2243	5
371	1	2035	5
372	1	1304	5
374	1	2035	5
375	1	1669	5
385	1	1617	5
388	1	2139	5
389	1	1304	11
389	1	1565	5
390	1	2243	5
393	1	1408	11
393	1	1669	5
394	1	1200	5
396	1	1878	5
397	1	2191	5
398	1	1722	5
399	1	2139	5
403	1	1356	11
403	1	1617	5
407	1	1826	5
408	1	2139	5
409	1	834	11
409	1	1565	5
410	1	2035	5
411	1	1774	5
412	1	1930	5
413	1	1408	5
415	1	1565	5
416	1	1304	5
417	1	939	11
417	1	1461	5
418	1	1252	11
418	1	1513	5
419	1	1774	5
421	1	1513	5
422	1	1513	5
425	1	2243	5
428	1	1304	5
429	1	1774	5
430	1	1513	5
431	1	1565	5
432	1	2191	5
433	1	1826	5
434	1	1304	11
434	1	1565	5
435	1	782	11
435	1	1252	5
437	1	2139	5
441	1	1408	11
441	1	1669	5
445	1	1617	5
446	1	1148	5
448	1	1513	5
450	1	1148	11
450	1	1408	5
451	1	1513	5
452	1	2035	5
453	1	1826	5
454	1	1774	5
455	1	1252	5
456	1	1304	5
457	1	1200	5
459	1	1826	5
461	1	1252	11
461	1	1565	5
465	1	1200	11
465	1	1461	5
466	1	1774	5
467	1	626	11
467	1	1356	5
468	1	1356	5
469	1	2139	5
470	1	1617	5
472	1	1200	5
473	1	1774	5
474	1	2139	5
475	1	1826	5
483	1	1408	5
484	1	1304	5
485	1	2191	5
486	1	1095	5
487	1	1930	5
490	1	1669	5
491	1	1826	5
494	1	2139	5
495	1	2139	5
500	1	1774	5
502	1	1930	5
504	1	1982	5
508	1	1252	5
509	1	1826	5
510	1	1148	11
510	1	1408	5
513	1	1617	5
514	1	1565	5
515	1	2087	5
519	1	1617	5
520	1	1148	5
520	1	1826	11
524	1	1826	5
525	1	1148	11
525	1	1408	5
528	1	1408	5
529	1	1200	11
529	1	1513	5
530	1	1669	5
532	1	1356	5
533	1	1095	11
533	1	1408	5
535	1	991	11
535	1	1461	5
537	1	1826	5
538	1	2035	5
540	1	1513	5
543	1	1304	5
544	1	1617	5
545	1	1565	5
546	1	2139	5
547	1	1461	5
552	1	2035	5
553	1	2035	5
555	1	1408	5
556	1	2139	5
557	1	2191	5
562	1	1617	5
563	1	1200	5
563	1	2243	11
564	1	1252	11
564	1	1513	5
567	1	2191	5
570	1	1878	5
571	1	1774	5
572	1	1617	5
573	1	2139	5
574	1	1148	11
574	1	1461	5
578	1	1461	5
579	1	1565	5
580	1	1617	5
584	1	1461	5
585	1	1304	5
587	1	1565	5
589	1	1252	11
589	1	1513	5
591	1	2191	5
592	1	1148	11
592	1	1408	5
594	1	1408	5
596	1	1200	11
596	1	1565	5
597	1	2035	5
598	1	1982	5
602	1	1669	5
604	1	1826	5
606	1	2035	5
607	1	1930	5
608	1	1878	5
609	1	1774	5
611	1	2035	5
613	1	1461	11
613	1	1722	5
614	1	1982	5
616	1	2139	5
618	1	2035	5
619	1	1669	5
622	1	2035	5
623	1	1408	11
623	1	1669	5
626	1	1461	11
626	1	1722	5
628	1	1408	11
628	1	1669	5
631	1	1930	5
633	1	1930	5
634	1	1722	5
636	1	1878	5
637	1	1982	5
638	1	1930	5
640	1	1565	5
642	1	1408	5
643	1	1252	11
643	1	1513	5
645	1	2035	5
646	1	1982	5
647	1	1200	11
647	1	1513	5
650	1	1669	5
651	1	1982	5
654	1	1878	5
657	1	1774	5
659	1	1826	5
660	1	1878	5
661	1	1826	5
663	1	1722	5
664	1	2035	5
668	1	2087	5
669	1	1878	5
671	1	2243	5
672	1	1617	5
678	1	1826	5
679	1	1304	11
679	1	1565	5
680	1	2035	5
684	1	1878	5
686	1	1408	5
687	1	2191	5
688	1	1565	5
691	1	1826	5
692	1	1408	11
692	1	1669	5
693	1	1669	5
694	1	1200	11
694	1	1565	5
695	1	1304	5
699	1	1356	5
700	1	2035	5
701	1	1461	5
702	1	1408	5
702	1	1982	11
704	1	1617	5
705	1	2191	5
706	1	1878	5
707	1	1513	5
708	1	1878	5
711	1	1669	5
712	1	1408	11
712	1	1669	5
713	1	1669	5
715	1	1722	5
716	1	1826	5
717	1	1252	5
719	1	1200	5
720	1	1878	5
722	1	1356	5
725	1	1826	5
726	1	1461	5
728	1	939	11
728	1	1200	5
729	1	1774	5
731	1	1878	5
732	1	1617	5
735	1	1304	11
735	1	1565	5
736	1	1461	5
739	1	1408	11
739	1	1669	5
740	1	1200	11
740	1	1461	5
741	1	2035	5
742	1	1356	5
743	1	1408	5
746	1	1826	5
748	1	2295	5
751	1	1669	5
755	1	2295	5
756	1	1461	5
757	1	1982	5
758	1	1252	11
758	1	1513	5
759	1	1200	11
759	1	1461	5
760	1	1095	11
760	1	1461	5
761	1	1565	5
763	1	1565	5
765	1	1200	5
766	1	1565	5
767	1	2295	5
768	1	1826	5
769	1	1617	5
770	1	1148	5
772	1	1461	11
772	1	1722	5
773	1	1982	5
775	1	2035	5
777	1	2035	5
778	1	1669	5
779	1	2243	5
780	1	2243	5
784	1	1408	5
786	1	1356	5
787	1	1565	5
788	1	1252	5
789	1	1356	5
791	1	1982	5
793	1	1043	11
793	1	1304	5
794	1	1513	5
796	1	1408	5
798	1	1148	11
798	1	1408	5
799	1	2035	5
800	1	1930	5
802	1	1513	5
803	1	1774	5
804	1	2035	5
807	1	1982	5
809	1	1461	5
810	1	2035	5
816	1	1617	5
817	1	1722	5
819	1	2139	5
820	1	2035	5
822	1	1304	5
825	1	1617	5
826	1	2243	5
828	1	1356	5
829	1	1878	5
830	1	1774	5
831	1	1408	5
832	1	1774	5
833	1	1617	5
835	1	1461	5
837	1	1930	5
842	1	2243	5
844	1	1669	5
845	1	1148	5
846	1	1878	5
847	1	1565	5
850	1	1095	11
850	1	1513	5
852	1	1826	5
853	1	1252	5
854	1	2243	5
855	1	1200	5
858	1	1513	5
859	1	1200	5
860	1	1461	5
861	1	1826	5
862	1	1565	5
864	1	2035	5
865	1	1826	5
866	1	1930	5
867	1	1461	5
868	1	1617	5
870	1	1722	5
871	1	1722	5
872	1	1617	5
873	1	2139	5
874	1	1513	5
876	1	2087	5
878	1	2295	5
879	1	1408	5
880	1	1565	5
882	1	1565	5
883	1	1878	5
886	1	2087	5
887	1	1722	5
888	1	939	5
889	1	1408	5
891	1	1513	5
892	1	1408	5
893	1	1617	5
894	1	1304	11
894	1	1565	5
895	1	1878	5
896	1	1356	5
897	1	1774	5
898	1	1617	5
900	1	1774	5
901	1	2035	5
907	1	2243	5
909	1	1565	5
910	1	1461	5
912	1	1669	5
913	1	1408	5
919	1	1043	11
919	1	1565	5
920	1	1252	11
920	1	1513	5
921	1	2243	5
923	1	2035	5
926	1	1095	11
926	1	1356	5
928	1	2243	5
932	1	1565	5
933	1	1617	5
935	1	1095	5
937	1	1200	5
940	1	2139	5
942	1	2035	5
946	1	1878	5
948	1	1461	5
949	1	2139	5
950	1	991	11
950	1	1356	5
951	1	991	11
951	1	1252	5
952	1	1513	5
953	1	1408	5
954	1	2139	5
955	1	1461	5
956	1	1461	5
959	1	1461	5
960	1	2295	5
961	1	1982	5
962	1	1774	5
963	1	1774	5
966	1	2139	5
967	1	1617	5
968	1	1148	5
968	1	2191	11
970	1	1095	11
970	1	1356	5
971	1	1826	5
974	1	2295	5
975	1	1878	5
977	1	1930	5
980	1	2139	5
981	1	1461	5
982	1	1982	5
983	1	1617	5
985	1	1774	5
986	1	1461	5
986	1	2243	11
987	1	1043	11
987	1	1513	5
988	1	1304	11
988	1	1565	5
990	1	1826	5
991	1	1617	5
993	1	1148	5
995	1	1669	5
998	1	2035	5
0	2	1461	4
1	2	1722	4
2	2	1617	4
4	2	1774	4
7	2	1722	4
9	2	1565	4
10	2	1878	4
11	2	1565	4
12	2	2139	4
14	2	1304	4
15	2	1356	4
16	2	1565	4
17	2	2035	4
20	2	1617	4
21	2	1200	4
29	2	1617	4
30	2	1513	4
35	2	1461	4
36	2	1669	4
38	2	1669	4
41	2	1669	4
42	2	2295	4
43	2	1617	4
45	2	1565	4
46	2	1722	4
47	2	1565	4
50	2	1774	4
51	2	1774	4
52	2	1356	4
56	2	1617	4
58	2	1826	4
60	2	1774	4
61	2	1930	4
63	2	1930	4
65	2	1930	4
66	2	1930	4
70	2	1722	4
71	2	1774	4
72	2	1565	4
74	2	1617	4
76	2	1565	4
77	2	1669	4
82	2	2035	4
87	2	1722	4
88	2	1878	4
91	2	1356	4
93	2	1565	4
94	2	2139	4
95	2	1148	4
99	2	2139	4
100	2	2035	4
104	2	1930	4
105	2	1982	4
108	2	1774	4
109	2	1513	4
110	2	1617	4
113	2	1356	4
118	2	2139	4
119	2	939	4
120	2	1461	4
121	2	1617	4
122	2	1356	4
125	2	1722	4
131	2	1826	4
136	2	1878	4
137	2	1513	4
140	2	1513	4
141	2	1513	4
142	2	1356	4
143	2	1513	4
144	2	1722	4
148	2	2191	4
149	2	2035	4
152	2	1356	4
153	2	1669	4
158	2	1565	4
160	2	2295	4
162	2	2191	4
165	2	1930	4
166	2	1774	4
167	2	1878	4
169	2	1304	4
175	2	1200	4
176	2	1408	4
178	2	1461	4
179	2	1461	4
182	2	1878	4
183	2	2295	4
185	2	1722	4
187	2	1252	4
188	2	1774	4
190	2	1356	4
192	2	1617	4
194	2	1669	4
195	2	2243	4
201	2	1669	4
202	2	2243	4
204	2	1043	4
205	2	1513	4
207	2	1356	4
210	2	1356	4
211	2	1617	4
213	2	1513	4
216	2	1669	4
219	2	1669	4
220	2	1930	4
222	2	1565	4
225	2	2295	4
226	2	1669	4
228	2	1513	4
229	2	1252	4
230	2	1461	4
231	2	1826	4
232	2	1513	4
233	2	1722	4
234	2	991	4
238	2	1982	4
240	2	1617	4
241	2	1617	4
242	2	1617	4
243	2	1461	4
246	2	1461	4
247	2	1722	4
255	2	1617	4
256	2	1565	4
257	2	1669	4
261	2	2035	4
262	2	1513	4
264	2	1513	4
265	2	1304	4
266	2	1513	4
268	2	1200	4
272	2	1930	4
275	2	1461	4
279	2	1826	4
281	2	1565	4
282	2	2139	4
283	2	1930	4
285	2	1200	4
287	2	1252	4
288	2	1982	4
290	2	1669	4
291	2	1513	4
294	2	2087	4
295	2	2191	4
298	2	1722	4
301	2	1565	4
303	2	2087	4
304	2	1774	4
312	2	2295	4
316	2	1669	4
318	2	1774	4
319	2	1356	4
321	2	1826	4
323	2	1722	4
326	2	1252	4
327	2	1826	4
329	2	1878	4
333	2	1669	4
334	2	1148	4
335	2	1617	4
336	2	1982	4
338	2	1669	4
339	2	1513	4
344	2	1408	4
345	2	1304	4
348	2	1513	4
351	2	1461	4
354	2	1408	4
355	2	2087	4
357	2	1513	4
358	2	1461	4
360	2	1408	4
361	2	1617	4
363	2	2295	4
364	2	1408	4
365	2	1722	4
366	2	2035	4
368	2	1669	4
369	2	2035	4
370	2	2139	4
372	2	1774	4
374	2	1774	4
375	2	1617	4
380	2	1408	4
385	2	2139	4
389	2	1408	4
393	2	1565	4
394	2	1461	4
398	2	1617	4
399	2	2087	4
403	2	1722	4
407	2	2295	4
409	2	1252	4
410	2	1826	4
412	2	1461	4
413	2	1513	4
414	2	2087	4
415	2	1252	4
416	2	1408	4
417	2	1408	4
418	2	1252	4
419	2	1826	4
421	2	1513	4
422	2	1513	4
425	2	1930	4
428	2	1408	4
430	2	1565	4
431	2	1669	4
432	2	2087	4
433	2	1669	4
434	2	1982	4
435	2	1304	4
441	2	1513	4
443	2	1878	4
445	2	2035	4
446	2	1356	4
448	2	2087	4
450	2	1617	4
451	2	1565	4
452	2	1252	4
453	2	1356	4
454	2	1617	4
455	2	1669	4
456	2	1461	4
457	2	1095	4
459	2	1513	4
461	2	1617	4
465	2	1461	4
466	2	1408	4
467	2	1200	4
468	2	1722	4
470	2	1356	4
472	2	1304	4
473	2	1617	4
474	2	2191	4
475	2	1565	4
476	2	1356	4
483	2	1878	4
484	2	1617	4
485	2	1930	4
486	2	1356	4
487	2	1617	4
489	2	1669	4
490	2	1722	4
494	2	2139	4
500	2	1774	4
504	2	1826	4
508	2	1669	4
510	2	1826	4
513	2	1565	4
514	2	2139	4
515	2	2139	4
519	2	1826	4
520	2	1461	4
524	2	1722	4
525	2	2191	4
528	2	1513	4
529	2	1669	4
530	2	1252	4
532	2	2139	4
533	2	1304	4
535	2	1930	4
536	2	1826	4
540	2	1095	4
543	2	1461	4
544	2	1513	4
545	2	1200	4
547	2	1565	4
553	2	1878	4
555	2	1408	4
556	2	1722	4
557	2	2243	4
562	2	2087	4
563	2	1513	4
564	2	1774	4
567	2	2035	4
570	2	1930	4
572	2	1878	4
573	2	1461	4
574	2	1461	4
578	2	2191	4
579	2	2139	4
580	2	1669	4
584	2	2295	4
585	2	1774	4
588	2	2243	4
589	2	1617	4
592	2	1565	4
594	2	1461	4
595	2	1356	4
596	2	1774	4
602	2	1356	4
604	2	1930	4
606	2	1669	4
608	2	1826	4
609	2	1669	4
611	2	2035	4
612	2	2087	4
613	2	1513	4
614	2	2191	4
618	2	1617	4
619	2	1826	4
623	2	1461	4
626	2	1513	4
628	2	1356	4
630	2	1565	4
631	2	1722	4
633	2	2087	4
634	2	1408	4
636	2	1722	4
637	2	2035	4
638	2	2035	4
640	2	1461	4
642	2	1617	4
643	2	1148	4
644	2	2087	4
647	2	1200	4
650	2	1565	4
651	2	2087	4
652	2	2035	4
654	2	1722	4
657	2	1930	4
664	2	2139	4
668	2	2139	4
669	2	2243	4
672	2	1617	4
674	2	1774	4
679	2	1200	4
681	2	1408	4
684	2	1669	4
686	2	1878	4
687	2	1252	4
691	2	2087	4
692	2	1982	4
694	2	1826	4
695	2	1930	4
699	2	1565	4
700	2	1930	4
701	2	1356	4
702	2	1356	4
704	2	1878	4
705	2	2087	4
707	2	1617	4
708	2	2243	4
711	2	1774	4
715	2	1252	4
716	2	1565	4
717	2	1095	4
719	2	1565	4
720	2	1565	4
722	2	1252	4
725	2	1722	4
726	2	1930	4
728	2	1513	4
729	2	2035	4
731	2	1669	4
732	2	1304	4
734	2	1565	4
735	2	1356	4
736	2	1930	4
737	2	1513	4
739	2	1982	4
742	2	1669	4
743	2	1930	4
746	2	1408	4
751	2	1722	4
752	2	1617	4
756	2	2139	4
757	2	2295	4
758	2	1356	4
759	2	1565	4
760	2	1930	4
761	2	1669	4
763	2	1722	4
765	2	1617	4
766	2	2191	4
767	2	2191	4
768	2	1252	4
769	2	1669	4
770	2	1617	4
772	2	1513	4
773	2	2087	4
775	2	1669	4
778	2	1878	4
780	2	2243	4
784	2	991	4
786	2	1304	4
787	2	1565	4
788	2	1565	4
789	2	1461	4
793	2	1408	4
794	2	1982	4
796	2	1774	4
798	2	1252	4
799	2	1826	4
800	2	1930	4
802	2	1565	4
803	2	1878	4
804	2	1669	4
807	2	1461	4
809	2	1617	4
812	2	2035	4
817	2	1461	4
819	2	2295	4
822	2	1669	4
824	2	1930	4
825	2	1878	4
828	2	1617	4
829	2	2295	4
830	2	2087	4
831	2	1774	4
832	2	1669	4
833	2	1461	4
835	2	2087	4
837	2	1930	4
844	2	1356	4
845	2	1513	4
846	2	1617	4
847	2	1617	4
848	2	1617	4
850	2	1461	4
852	2	1408	4
853	2	1722	4
854	2	2035	4
855	2	1461	4
859	2	2035	4
860	2	1043	4
861	2	2139	4
862	2	2035	4
864	2	1513	4
866	2	1304	4
867	2	1513	4
868	2	2191	4
871	2	1878	4
872	2	1930	4
874	2	1356	4
878	2	1982	4
879	2	1774	4
880	2	1408	4
882	2	1461	4
887	2	1617	4
888	2	1252	4
889	2	1617	4
891	2	1565	4
894	2	1565	4
897	2	1461	4
898	2	1408	4
900	2	2295	4
901	2	1408	4
907	2	1669	4
910	2	1408	4
912	2	1669	4
913	2	1669	4
919	2	1617	4
923	2	1982	4
926	2	1565	4
928	2	1982	4
932	2	1722	4
933	2	1774	4
935	2	1095	4
937	2	1878	4
940	2	2191	4
942	2	2295	4
946	2	1669	4
948	2	1669	4
949	2	2139	4
950	2	1617	4
951	2	1304	4
952	2	1617	4
953	2	2035	4
954	2	2191	4
956	2	1513	4
958	2	1722	4
959	2	1878	4
963	2	1826	4
966	2	2191	4
967	2	1669	4
968	2	1408	4
970	2	1304	4
974	2	1252	4
979	2	1774	4
981	2	1513	4
982	2	1930	4
983	2	2087	4
985	2	1461	4
986	2	1408	4
987	2	1722	4
988	2	1826	4
990	2	1774	4
991	2	1617	4
993	2	1304	4
995	2	1565	4
998	2	1774	4
